2019-03-22 17:22:15.270 [main] INFO   - Fridge turnOn
2019-03-22 17:22:15.272 [main] DEBUG  - Fridge turnOn
2019-03-22 17:24:56.129 [main] INFO   - teapod turnOn
2019-03-22 17:24:56.131 [main] INFO   - TV turnOn
2019-03-22 17:24:56.131 [main] INFO   - TV turnOn
2019-03-22 17:24:56.131 [main] INFO   - Fridge turnOn
2019-03-22 17:24:56.131 [main] INFO   - teapod turnOff
2019-03-22 17:24:56.131 [main] INFO   - TV turnOn
2019-03-22 17:24:56.131 [main] INFO   - TV turnOn
2019-03-22 17:24:56.132 [main] DEBUG  - Fridge turnOn
2019-03-22 17:25:19.624 [main] INFO   - teapod turnOn
2019-03-22 17:25:19.627 [main] INFO   - TV turnOn
2019-03-22 17:25:19.627 [main] INFO   - TV turnOn
2019-03-22 17:25:19.627 [main] INFO   - Fridge turnOn
2019-03-22 17:25:19.627 [main] INFO   - teapod turnOff
2019-03-22 17:25:19.627 [main] INFO   - TV turnOn
2019-03-22 17:25:19.627 [main] INFO   - TV turnOn
2019-03-22 17:25:19.627 [main] DEBUG  - Fridge turnOn
2019-03-22 17:30:06.021 [main] DEBUG  - Teapod created
2019-03-22 17:30:06.023 [main] DEBUG  - TV created
2019-03-22 17:30:06.024 [main] DEBUG  - TV created
2019-03-22 17:30:06.024 [main] DEBUG  - Fridge created
2019-03-22 17:30:06.024 [main] INFO   - teapod turnOn
2019-03-22 17:30:06.024 [main] INFO   - TV turnOn
2019-03-22 17:30:06.024 [main] INFO   - TV turnOn
2019-03-22 17:30:06.024 [main] INFO   - Fridge turnOn
2019-03-22 17:30:06.024 [main] INFO   - teapod turnOff
2019-03-22 17:30:06.024 [main] INFO   - TV turnOn
2019-03-22 17:30:06.024 [main] INFO   - TV turnOn
2019-03-22 17:30:06.025 [main] INFO   - Fridge turnOn
